<?xml version="1.0" encoding="UTF-8"?>
<testng-results total="6" passed="5" failed="1" skipped="0">
  <reporter-output>
  </reporter-output>
  <suite started-at="2021-03-24T18:19:55Z" name="Default suite" finished-at="2021-03-24T18:19:58Z" duration-ms="2780">
    <groups>
    </groups>
    <test started-at="2021-03-24T18:19:55Z" name="Default test" finished-at="2021-03-24T18:19:58Z" duration-ms="2780">
      <class name="IntegrationTests.DeveloperTests">
        <test-method is-config="true" signature="setup()[pri:0, instance:IntegrationTests.DeveloperTests@1cb346ea]" started-at="2021-03-24T13:19:55Z" name="setup" finished-at="2021-03-24T13:19:55Z" duration-ms="7" status="PASS">
          <reporter-output>
          </reporter-output>
        </test-method> <!-- setup -->
        <test-method signature="postDeveloper_postsDeveloper()[pri:0, instance:IntegrationTests.DeveloperTests@1cb346ea]" started-at="2021-03-24T13:19:55Z" name="postDeveloper_postsDeveloper" finished-at="2021-03-24T13:19:57Z" duration-ms="1876" status="PASS">
          <reporter-output>
          </reporter-output>
        </test-method> <!-- postDeveloper_postsDeveloper -->
        <test-method signature="postDeveloper_toBeDeleted()[pri:0, instance:IntegrationTests.DeveloperTests@1cb346ea]" started-at="2021-03-24T13:19:57Z" name="postDeveloper_toBeDeleted" finished-at="2021-03-24T13:19:57Z" duration-ms="170" status="PASS">
          <reporter-output>
          </reporter-output>
        </test-method> <!-- postDeveloper_toBeDeleted -->
        <test-method signature="putDeveloper()[pri:0, instance:IntegrationTests.DeveloperTests@1cb346ea]" started-at="2021-03-24T13:19:57Z" name="putDeveloper" finished-at="2021-03-24T13:19:57Z" duration-ms="149" status="PASS">
          <reporter-output>
          </reporter-output>
        </test-method> <!-- putDeveloper -->
        <test-method signature="getDeveloper_getDeveloperById()[pri:0, instance:IntegrationTests.DeveloperTests@1cb346ea]" started-at="2021-03-24T13:19:57Z" name="getDeveloper_getDeveloperById" finished-at="2021-03-24T13:19:57Z" depends-on-methods="IntegrationTests.DeveloperTests.postDeveloper_postsDeveloper" duration-ms="137" status="PASS">
          <reporter-output>
          </reporter-output>
        </test-method> <!-- getDeveloper_getDeveloperById -->
        <test-method signature="getDevelopers()[pri:0, instance:IntegrationTests.DeveloperTests@1cb346ea]" started-at="2021-03-24T13:19:57Z" name="getDevelopers" finished-at="2021-03-24T13:19:58Z" depends-on-methods="IntegrationTests.DeveloperTests.postDeveloper_postsDeveloper" duration-ms="255" status="PASS">
          <reporter-output>
          </reporter-output>
        </test-method> <!-- getDevelopers -->
        <test-method signature="deleteDeveloper()[pri:0, instance:IntegrationTests.DeveloperTests@1cb346ea]" started-at="2021-03-24T13:19:58Z" name="deleteDeveloper" finished-at="2021-03-24T13:19:58Z" depends-on-methods="IntegrationTests.DeveloperTests.postDeveloper_toBeDeleted" duration-ms="173" status="FAIL">
          <exception class="java.lang.AssertionError">
            <message>
              <![CDATA[expected [Ok] but found [OK]]]>
            </message>
            <full-stacktrace>
              <![CDATA[java.lang.AssertionError: expected [Ok] but found [OK]
	at org.testng.Assert.fail(Assert.java:94)
	at org.testng.Assert.failNotEquals(Assert.java:494)
	at org.testng.Assert.assertEquals(Assert.java:123)
	at org.testng.Assert.assertEquals(Assert.java:176)
	at org.testng.Assert.assertEquals(Assert.java:186)
	at IntegrationTests.DeveloperTests.deleteDeveloper(DeveloperTests.java:133)
	at java.base/jdk.internal.reflect.NativeMethodAccessorImpl.invoke0(Native Method)
	at java.base/jdk.internal.reflect.NativeMethodAccessorImpl.invoke(NativeMethodAccessorImpl.java:62)
	at java.base/jdk.internal.reflect.DelegatingMethodAccessorImpl.invoke(DelegatingMethodAccessorImpl.java:43)
	at java.base/java.lang.reflect.Method.invoke(Method.java:564)
	at org.testng.internal.MethodInvocationHelper.invokeMethod(MethodInvocationHelper.java:80)
	at org.testng.internal.Invoker.invokeMethod(Invoker.java:714)
	at org.testng.internal.Invoker.invokeTestMethod(Invoker.java:901)
	at org.testng.internal.Invoker.invokeTestMethods(Invoker.java:1231)
	at org.testng.internal.TestMethodWorker.invokeTestMethods(TestMethodWorker.java:127)
	at org.testng.internal.TestMethodWorker.run(TestMethodWorker.java:111)
	at org.testng.TestRunner.privateRun(TestRunner.java:767)
	at org.testng.TestRunner.run(TestRunner.java:617)
	at org.testng.SuiteRunner.runTest(SuiteRunner.java:334)
	at org.testng.SuiteRunner.runSequentially(SuiteRunner.java:329)
	at org.testng.SuiteRunner.privateRun(SuiteRunner.java:291)
	at org.testng.SuiteRunner.run(SuiteRunner.java:240)
	at org.testng.SuiteRunnerWorker.runSuite(SuiteRunnerWorker.java:52)
	at org.testng.SuiteRunnerWorker.run(SuiteRunnerWorker.java:86)
	at org.testng.TestNG.runSuitesSequentially(TestNG.java:1198)
	at org.testng.TestNG.runSuitesLocally(TestNG.java:1123)
	at org.testng.TestNG.run(TestNG.java:1031)
	at org.testng.remote.AbstractRemoteTestNG.run(AbstractRemoteTestNG.java:115)
	at org.testng.remote.RemoteTestNG.initAndRun(RemoteTestNG.java:251)
	at org.testng.remote.RemoteTestNG.main(RemoteTestNG.java:77)
]]>
            </full-stacktrace>
          </exception> <!-- java.lang.AssertionError -->
          <reporter-output>
          </reporter-output>
        </test-method> <!-- deleteDeveloper -->
      </class> <!-- IntegrationTests.DeveloperTests -->
    </test> <!-- Default test -->
  </suite> <!-- Default suite -->
</testng-results>
